<?xml version="1.0" encoding="utf-8"?><testsuites name="pytest tests"><testsuite name="pytest" errors="0" failures="0" skipped="6" tests="327" time="31.402" timestamp="2026-08-11T15:07:32.964449-04:00" hostname="Summers-MacBook-Air.local"><testcase classname="tests.test_bug_regressions" name="test_bug01_species_lookup_works_offline" time="0.005" /><testcase classname="tests.test_bug_regressions" name="test_bug02_species_lookup_accepts_names_not_just_codes" time="0.006" /><testcase classname="tests.test_bug_regressions" name="test_bug02b_common_name_prefers_the_common_organism" time="0.001" /><testcase classname="tests.test_bug_regressions" name="test_bug02c_organism_table_is_complete" time="0.000" /><testcase classname="tests.test_bug_regressions" name="test_bug03_bgcolor_is_metadata_not_a_value_column" time="0.000" /><testcase classname="tests.test_bug_regressions" name="test_bug04_every_node_does_not_render_red" time="0.001" /><testcase classname="tests.test_bug_regressions" name="test_bug05_all_documented_sum_methods_work[sum]" time="0.001" /><testcase classname="tests.test_bug_regressions" name="test_bug05_all_documented_sum_methods_work[mean]" time="0.001" /><testcase classname="tests.test_bug_regressions" name="test_bug05_all_documented_sum_methods_work[median]" time="0.001" /><testcase classname="tests.test_bug_regressions" name="test_bug05_all_documented_sum_methods_work[max]" time="0.001" /><testcase classname="tests.test_bug_regressions" name="test_bug05_all_documented_sum_methods_work[min]" time="0.001" /><testcase classname="tests.test_bug_regressions" name="test_bug05_all_documented_sum_methods_work[max_abs]" time="0.001" /><testcase classname="tests.test_bug_regressions" name="test_bug05_all_documented_sum_methods_work[random]" time="0.013" /><testcase classname="tests.test_bug_regressions" name="test_bug05_all_documented_sum_methods_work[first]" time="0.001" /><testcase classname="tests.test_bug_regressions" name="test_bug05b_max_abs_keeps_the_sign" time="0.001" /><testcase classname="tests.test_bug_regressions" name="test_bug05c_random_is_reproducible_with_a_seed" time="0.002" /><testcase classname="tests.test_bug_regressions" name="test_bug06_namespaced_sbgn_parses_identically" time="0.005" /><testcase classname="tests.test_bug_regressions" name="test_bug06b_sbgn_ports_resolve_to_glyphs" time="0.001" /><testcase classname="tests.test_bug_regressions" name="test_bug06c_auxiliary_glyphs_are_not_nodes" time="0.000" /><testcase classname="tests.test_bug_regressions" name="test_bug07_catmull_rom_is_always_finite[pts0]" time="0.000" /><testcase classname="tests.test_bug_regressions" name="test_bug07_catmull_rom_is_always_finite[pts1]" time="0.000" /><testcase classname="tests.test_bug_regressions" name="test_bug07_catmull_rom_is_always_finite[pts2]" time="0.000" /><testcase classname="tests.test_bug_regressions" name="test_bug07_catmull_rom_is_always_finite[pts3]" time="0.000" /><testcase classname="tests.test_bug_regressions" name="test_bug07_catmull_rom_is_always_finite[pts4]" time="0.000" /><testcase classname="tests.test_bug_regressions" name="test_bug07b_spline_interpolates_its_control_points" time="0.000" /><testcase classname="tests.test_bug_regressions" name="test_bug08_named_colours_parse" time="0.000" /><testcase classname="tests.test_bug_regressions" name="test_bug08b_highlight_nodes_default_colour_does_not_crash" time="0.485" /><testcase classname="tests.test_bug_regressions" name="test_bug09_no_coordinate_flipping" time="0.000" /><testcase classname="tests.test_bug_regressions" name="test_bug10_compound_radius_is_half_the_diameter" time="0.000" /><testcase classname="tests.test_bug_regressions" name="test_bug10b_roundrectangle_is_not_a_circle" time="0.000" /><testcase classname="tests.test_bug_regressions" name="test_bug11_graph_view_has_edges" time="0.077" /><testcase classname="tests.test_bug_regressions" name="test_bug11b_kgml_yields_relation_and_reaction_edges" time="0.000" /><testcase classname="tests.test_bug_regressions" name="test_bug12_unmapped_count_is_never_negative" time="0.001" /><testcase classname="tests.test_bug_regressions" name="test_bug13_compound_data_alone_does_not_crash" time="0.507" /><testcase classname="tests.test_bug_regressions" name="test_bug14_failure_is_distinguishable_from_success" time="0.476" /><testcase classname="tests.test_bug_regressions" name="test_bug14b_unknown_species_raises_with_suggestions" time="0.033" /><testcase classname="tests.test_bug_regressions" name="test_bug15_no_silent_stubs_in_the_database_layer" time="0.001" /><testcase classname="tests.test_bug_regressions" name="test_bug15a_capability_table_stays_self_describing" time="0.000" /><testcase classname="tests.test_bug_regressions" name="test_bug15b_change_labels_and_opacity_actually_do_something" time="0.307" /><testcase classname="tests.test_bug_regressions" name="test_bug15c_list_reactome_pathways_respects_species" time="0.000" /><testcase classname="tests.test_bug_regressions" name="test_bug16_version_is_consistent" time="0.001" /><testcase classname="tests.test_bug_regressions" name="test_bug17_simulated_ids_are_real_identifiers" time="0.003" /><testcase classname="tests.test_bug_regressions" name="test_bug18_highlights_land_on_the_node_they_mark" time="0.298" /><testcase classname="tests.test_bug_regressions" name="test_bug18b_raster_frame_transform_is_consistent" time="0.000" /><testcase classname="tests.test_bug_regressions" name="test_bug18c_highlighting_works_in_every_mode[native]" time="0.302" /><testcase classname="tests.test_bug_regressions" name="test_bug18c_highlighting_works_in_every_mode[vector]" time="0.592" /><testcase classname="tests.test_bug_regressions" name="test_bug18c_highlighting_works_in_every_mode[svg]" time="0.226" /><testcase classname="tests.test_bug_regressions" name="test_bug18c_highlighting_works_in_every_mode[graph]" time="0.522" /><testcase classname="tests.test_cli.TestRenderCommand" name="test_gene_only" time="0.475" /><testcase classname="tests.test_cli.TestRenderCommand" name="test_compound_only_does_not_crash" time="0.450" /><testcase classname="tests.test_cli.TestRenderCommand" name="test_both_data_types" time="0.192" /><testcase classname="tests.test_cli.TestRenderCommand" name="test_no_data_and_no_map_null_is_an_error" time="0.002" /><testcase classname="tests.test_cli.TestRenderCommand" name="test_map_null_renders_without_data" time="0.467" /><testcase classname="tests.test_cli.TestRenderCommand" name="test_multiple_pathways" time="1.055" /><testcase classname="tests.test_cli.TestRenderCommand" name="test_split_limits" time="0.487" /><testcase classname="tests.test_cli.TestRenderCommand" name="test_missing_file_is_a_clean_error" time="0.002" /><testcase classname="tests.test_cli.TestRenderCommand" name="test_single_column_file_is_rejected" time="0.002" /><testcase classname="tests.test_cli.TestRenderCommand" name="test_non_numeric_columns_are_dropped" time="0.496" /><testcase classname="tests.test_cli.TestOtherCommands" name="test_species" time="0.001" /><testcase classname="tests.test_cli.TestOtherCommands" name="test_species_unknown_returns_nonzero" time="0.086" /><testcase classname="tests.test_cli.TestOtherCommands" name="test_search" time="0.006" /><testcase classname="tests.test_cli.TestOtherCommands" name="test_parity" time="0.001" /><testcase classname="tests.test_cli.TestOtherCommands" name="test_parity_markdown" time="0.001" /><testcase classname="tests.test_cli.TestOtherCommands" name="test_info" time="0.005" /><testcase classname="tests.test_cli.TestOtherCommands" name="test_legend" time="0.205" /><testcase classname="tests.test_cli.TestOtherCommands" name="test_version" time="0.001" /><testcase classname="tests.test_cli.TestCliRobustness" name="test_piping_output_does_not_traceback" time="0.159" /><testcase classname="tests.test_cli.TestSbgnCommand" name="test_lists_the_collection" time="0.003" /><testcase classname="tests.test_cli.TestSbgnCommand" name="test_filters_by_source" time="0.002" /><testcase classname="tests.test_cli.TestSbgnCommand" name="test_search" time="0.002" /><testcase classname="tests.test_cli.TestSbgnCommand" name="test_renders_a_local_file" time="0.458" /><testcase classname="tests.test_cli.TestSbgnCommand" name="test_info_reports_the_collection" time="0.002" /><testcase classname="tests.test_cli.TestExpansionFlags" name="test_split_group_and_expand_node" time="1.164" /><testcase classname="tests.test_core.TestOrganisms" name="test_kegg_species_code_alias" time="0.000" /><testcase classname="tests.test_core.TestOrganisms" name="test_resolution[hsa-hsa]" time="0.000" /><testcase classname="tests.test_core.TestOrganisms" name="test_resolution[mmu-mmu]" time="0.001" /><testcase classname="tests.test_core.TestOrganisms" name="test_resolution[Mus musculus-mmu]" time="0.003" /><testcase classname="tests.test_core.TestOrganisms" name="test_resolution[mouse-mmu]" time="0.000" /><testcase classname="tests.test_core.TestOrganisms" name="test_resolution[10090-mmu]" time="0.002" /><testcase classname="tests.test_core.TestOrganisms" name="test_resolution[E. coli-eco]" time="0.001" /><testcase classname="tests.test_core.TestOrganisms" name="test_resolution[Escherichia coli-eco]" time="0.005" /><testcase classname="tests.test_core.TestOrganisms" name="test_resolution[yeast-sce]" time="0.001" /><testcase classname="tests.test_core.TestOrganisms" name="test_resolution[zebrafish-dre]" time="0.001" /><testcase classname="tests.test_core.TestOrganisms" name="test_resolution[Arabidopsis thaliana-ath]" time="0.002" /><testcase classname="tests.test_core.TestOrganisms" name="test_resolution[fruit fly-dme]" time="0.001" /><testcase classname="tests.test_core.TestOrganisms" name="test_species_info_fields" time="0.000" /><testcase classname="tests.test_core.TestOrganisms" name="test_search_returns_ranked_matches" time="0.003" /><testcase classname="tests.test_core.TestOrganisms" name="test_list_organisms_is_a_frame" time="0.001" /><testcase classname="tests.test_core.TestOrganisms" name="test_default_gene_idtype" time="0.001" /><testcase classname="tests.test_core.TestKGML" name="test_node_counts" time="0.000" /><testcase classname="tests.test_core.TestKGML" name="test_node_frame_schema" time="0.000" /><testcase classname="tests.test_core.TestKGML" name="test_labels_are_shortened" time="0.002" /><testcase classname="tests.test_core.TestKGML" name="test_groups_inherit_component_ids" time="0.000" /><testcase classname="tests.test_core.TestKGML" name="test_edges_present" time="0.000" /><testcase classname="tests.test_core.TestKGML" name="test_edges_reference_existing_nodes" time="0.000" /><testcase classname="tests.test_core.TestKGML" name="test_old_kgml_dialect_yields_reaction_edges" time="0.003" /><testcase classname="tests.test_core.TestKGML" name="test_malformed_file_raises_parse_error" time="0.001" /><testcase classname="tests.test_core.TestKGML" name="test_missing_file_raises" time="0.000" /><testcase classname="tests.test_core.TestSBGN" name="test_glyphs_and_arcs" time="0.002" /><testcase classname="tests.test_core.TestSBGN" name="test_converts_to_node_frame" time="0.005" /><testcase classname="tests.test_core.TestSBGN" name="test_identifiers_extracted_from_annotations" time="0.001" /><testcase classname="tests.test_core.TestSBGN" name="test_canvas_covers_all_glyphs" time="0.000" /><testcase classname="tests.test_core.TestColour" name="test_r_colorpanel2_parity_even" time="0.000" /><testcase classname="tests.test_core.TestColour" name="test_r_colorpanel2_parity_odd_drops_duplicate_midpoint" time="0.000" /><testcase classname="tests.test_core.TestColour" name="test_symmetric_limits" time="0.000" /><testcase classname="tests.test_core.TestColour" name="test_values_outside_limits_are_clamped_not_dropped" time="0.000" /><testcase classname="tests.test_core.TestColour" name="test_nan_uses_na_colour" time="0.000" /><testcase classname="tests.test_core.TestColour" name="test_gene_and_compound_scales_are_independent" time="0.000" /><testcase classname="tests.test_core.TestColour" name="test_named_palettes_resolve" time="0.001" /><testcase classname="tests.test_core.TestColour" name="test_unknown_palette_raises" time="0.000" /><testcase classname="tests.test_core.TestColour" name="test_trans_fun_applied_before_binning" time="0.000" /><testcase classname="tests.test_core.TestColour" name="test_multi_condition_produces_one_column_each" time="0.000" /><testcase classname="tests.test_core.TestMapping" name="test_gene_mapping_on_tca" time="0.008" /><testcase classname="tests.test_core.TestMapping" name="test_compound_mapping_on_tca" time="0.003" /><testcase classname="tests.test_core.TestMapping" name="test_all_mapped_records_every_contributing_id" time="0.008" /><testcase classname="tests.test_core.TestMapping" name="test_map_null_returns_layout_without_data" time="0.000" /><testcase classname="tests.test_core.TestMapping" name="test_unmatched_ids_raise_with_a_useful_message" time="0.002" /><testcase classname="tests.test_core.TestMapping" name="test_mol_sum_error_names_the_columns" time="0.001" /><testcase classname="tests.test_core.TestIdentifiers" name="test_compound_names_resolve_offline" time="0.000" /><testcase classname="tests.test_core.TestIdentifiers" name="test_unknown_compound_falls_back_to_the_accession" time="0.000" /><testcase classname="tests.test_core.TestIdentifiers" name="test_metabolite_names_map_to_kegg[Pyruvate-C00022]" time="0.015" /><testcase classname="tests.test_core.TestIdentifiers" name="test_metabolite_names_map_to_kegg[Citrate-C00158]" time="0.000" /><testcase classname="tests.test_core.TestIdentifiers" name="test_metabolite_names_map_to_kegg[ATP-C00002]" time="0.000" /><testcase classname="tests.test_core.TestIdentifiers" name="test_metabolite_names_map_to_kegg[D-Glucose-C00031]" time="0.000" /><testcase classname="tests.test_core.TestIdentifiers" name="test_metabolite_names_map_to_kegg[2-Oxoglutarate-C00026]" time="0.000" /><testcase classname="tests.test_core.TestIdentifiers" name="test_metabolite_names_map_to_kegg[Acetyl-CoA-C00024]" time="0.000" /><testcase classname="tests.test_core.TestIdentifiers" name="test_metabolite_names_map_to_kegg[Succinate-C00042]" time="0.000" /><testcase classname="tests.test_core.TestIdentifiers" name="test_cross_reference_lookup_offline" time="0.002" /><testcase classname="tests.test_core.TestIdentifiers" name="test_kegg_to_kegg_is_identity" time="0.000" /><testcase classname="tests.test_core.TestIdentifiers" name="test_supported_types_are_listed" time="0.000" /><testcase classname="tests.test_core.TestIdentifiers" name="test_kegg_code_translates_to_taxid_for_mygene" time="0.000" /><testcase classname="tests.test_core.TestGeometry" name="test_extent_covers_every_node" time="0.000" /><testcase classname="tests.test_core.TestGeometry" name="test_slices_tile_the_node_exactly" time="0.000" /><testcase classname="tests.test_core.TestGeometry" name="test_nodes_without_coordinates_are_skipped" time="0.000" /><testcase classname="tests.test_new_features.TestMultiPathwayBatch" name="test_sequence_renders_every_pathway" time="1.035" /><testcase classname="tests.test_new_features.TestMultiPathwayBatch" name="test_single_id_still_returns_a_single_result" time="0.466" /><testcase classname="tests.test_new_features.TestMultiPathwayBatch" name="test_one_failure_does_not_lose_the_rest" time="1.077" /><testcase classname="tests.test_new_features.TestMultiPathwayBatch" name="test_continue_on_error_false_raises" time="0.481" /><testcase classname="tests.test_new_features.TestMultiPathwayBatch" name="test_set_indexing_and_iteration" time="1.013" /><testcase classname="tests.test_new_features.TestMultiPathwayBatch" name="test_modifier_broadcasts_across_the_batch" time="1.089" /><testcase classname="tests.test_new_features.TestMultiPathwayBatch" name="test_frame_report" time="0.482" /><testcase classname="tests.test_new_features.TestMultiPathwayBatch" name="test_empty_sequence_is_rejected" time="0.001" /><testcase classname="tests.test_new_features.TestGroupSplitting" name="test_groups_are_replaced_by_components" time="0.003" /><testcase classname="tests.test_new_features.TestGroupSplitting" name="test_reports_what_it_did" time="0.001" /><testcase classname="tests.test_new_features.TestGroupSplitting" name="test_is_a_no_op_without_groups" time="0.001" /><testcase classname="tests.test_new_features.TestNodeExpansion" name="test_multi_gene_nodes_become_several" time="0.002" /><testcase classname="tests.test_new_features.TestNodeExpansion" name="test_expanded_nodes_tile_the_original_box" time="0.002" /><testcase classname="tests.test_new_features.TestNodeExpansion" name="test_each_expanded_node_has_one_identifier" time="0.001" /><testcase classname="tests.test_new_features.TestNodeExpansion" name="test_huge_nodes_are_left_alone" time="0.000" /><testcase classname="tests.test_new_features.TestNodeExpansion" name="test_pathview_wires_both_options" time="1.695" /><testcase classname="tests.test_new_features.TestNodeExpansion" name="test_edges_survive_expansion" time="1.177" /><testcase classname="tests.test_new_features.TestCompartments" name="test_compartments_are_extracted" time="0.001" /><testcase classname="tests.test_new_features.TestCompartments" name="test_ordered_largest_first" time="0.003" /><testcase classname="tests.test_new_features.TestCompartments" name="test_shading_changes_the_render" time="0.480" /><testcase classname="tests.test_new_features.TestCompartments" name="test_no_compartments_is_harmless" time="0.266" /><testcase classname="tests.test_new_features.TestSbgnview" name="test_renders_a_local_file" time="0.428" /><testcase classname="tests.test_new_features.TestSbgnview" name="test_maps_gene_data_onto_glyphs" time="0.813" /><testcase classname="tests.test_new_features.TestSbgnview" name="test_compartments_can_be_turned_off" time="0.847" /><testcase classname="tests.test_new_features.TestSbgnview" name="test_batch" time="0.536" /><testcase classname="tests.test_new_features.TestSbgnview" name="test_unknown_pathway_is_recorded_not_raised" time="0.007" /><testcase classname="tests.test_parity" name="test_matrix_is_populated" time="0.000" /><testcase classname="tests.test_parity" name="test_every_full_feature_names_an_api" time="0.000" /><testcase classname="tests.test_parity" name="test_full_feature_api_exists_and_is_callable[KEGG_organism_code_lookup]" time="0.000" /><testcase classname="tests.test_parity" name="test_full_feature_api_exists_and_is_callable[Lookup_works_offline]" time="0.000" /><testcase classname="tests.test_parity" name="test_full_feature_api_exists_and_is_callable[Common/scientific_name_and_taxid_input]" time="0.000" /><testcase classname="tests.test_parity" name="test_full_feature_api_exists_and_is_callable[Fuzzy_match_with_suggestions]" time="0.000" /><testcase classname="tests.test_parity" name="test_full_feature_api_exists_and_is_callable[Refresh_organism_table_from_KEGG]" time="0.000" /><testcase classname="tests.test_parity" name="test_full_feature_api_exists_and_is_callable[KEGG_KGML_parsing]" time="0.000" /><testcase classname="tests.test_parity" name="test_full_feature_api_exists_and_is_callable[SBGN-ML_parsing]" time="0.000" /><testcase classname="tests.test_parity" name="test_full_feature_api_exists_and_is_callable[SBGN_namespaced_documents]" time="0.000" /><testcase classname="tests.test_parity" name="test_full_feature_api_exists_and_is_callable[SBGN_arc_port_resolution]" time="0.000" /><testcase classname="tests.test_parity" name="test_full_feature_api_exists_and_is_callable[SBGN_state_variables_/_clone_markers]" time="0.000" /><testcase classname="tests.test_parity" name="test_full_feature_api_exists_and_is_callable[KGML_reaction_-&gt;_edge_synthesis]" time="0.000" /><testcase classname="tests.test_parity" name="test_full_feature_api_exists_and_is_callable[Group/complex_node_splitting]" time="0.000" /><testcase classname="tests.test_parity" name="test_full_feature_api_exists_and_is_callable[Multi-identifier_node_expansion]" time="0.000" /><testcase classname="tests.test_parity" name="test_full_feature_api_exists_and_is_callable[Entrez_/_KEGG_gene_ids]" time="0.000" /><testcase classname="tests.test_parity" name="test_full_feature_api_exists_and_is_callable[Symbol,_Ensembl,_UniProt,_RefSeq]" time="0.000" /><testcase classname="tests.test_parity" name="test_full_feature_api_exists_and_is_callable[Symbol/Ensembl/UniProt_conversion_without_R]" time="0.000" /><testcase classname="tests.test_parity" name="test_full_feature_api_exists_and_is_callable[SBGN_glyph-id_crosswalks]" time="0.000" /><testcase classname="tests.test_parity" name="test_full_feature_api_exists_and_is_callable[Multi-hop_identifier_routing]" time="0.000" /><testcase classname="tests.test_parity" name="test_full_feature_api_exists_and_is_callable[Compound_cross-references_(CAS,_ChEBI,_HMDB,_...]" time="0.000" /><testcase classname="tests.test_parity" name="test_full_feature_api_exists_and_is_callable[Compound_name_-&gt;_KEGG_accession]" time="0.000" /><testcase classname="tests.test_parity" name="test_full_feature_api_exists_and_is_callable[Batched_/_cached_lookups]" time="0.000" /><testcase classname="tests.test_parity" name="test_full_feature_api_exists_and_is_callable[Multi-probe_aggregation]" time="0.000" /><testcase classname="tests.test_parity" name="test_full_feature_api_exists_and_is_callable[Diverging_scale_with_midpoint]" time="0.000" /><testcase classname="tests.test_parity" name="test_full_feature_api_exists_and_is_callable[R_colorpanel2-identical_binning]" time="0.000" /><testcase classname="tests.test_parity" name="test_full_feature_api_exists_and_is_callable[Discrete_levels]" time="0.000" /><testcase classname="tests.test_parity" name="test_full_feature_api_exists_and_is_callable[Independent_gene_and_compound_scales]" time="0.000" /><testcase classname="tests.test_parity" name="test_full_feature_api_exists_and_is_callable[Two_colour_keys_on_one_figure]" time="0.000" /><testcase classname="tests.test_parity" name="test_full_feature_api_exists_and_is_callable[Named_colour-blind-safe_palettes]" time="0.000" /><testcase classname="tests.test_parity" name="test_full_feature_api_exists_and_is_callable[Value_transform_before_binning]" time="0.000" /><testcase classname="tests.test_parity" name="test_full_feature_api_exists_and_is_callable[Multi-condition_node_slicing]" time="0.000" /><testcase classname="tests.test_parity" name="test_full_feature_api_exists_and_is_callable[Overlay_on_KEGG_PNG]" time="0.000" /><testcase classname="tests.test_parity" name="test_full_feature_api_exists_and_is_callable[Vector_map_drawn_from_coordinates]" time="0.000" /><testcase classname="tests.test_parity" name="test_full_feature_api_exists_and_is_callable[Standalone_SVG_output]" time="0.000" /><testcase classname="tests.test_parity" name="test_full_feature_api_exists_and_is_callable[PDF_output]" time="0.000" /><testcase classname="tests.test_parity" name="test_full_feature_api_exists_and_is_callable[PNG_output]" time="0.000" /><testcase classname="tests.test_parity" name="test_full_feature_api_exists_and_is_callable[Graph/network_view_with_edges]" time="0.000" /><testcase classname="tests.test_parity" name="test_full_feature_api_exists_and_is_callable[KEGG_edge_subtype_styling]" time="0.000" /><testcase classname="tests.test_parity" name="test_full_feature_api_exists_and_is_callable[Spline_/_Bezier_edge_routing]" time="0.000" /><testcase classname="tests.test_parity" name="test_full_feature_api_exists_and_is_callable[Compartment_shading]" time="0.000" /><testcase classname="tests.test_parity" name="test_full_feature_api_exists_and_is_callable[Renders_with_no_network_access]" time="0.000" /><testcase classname="tests.test_parity" name="test_full_feature_api_exists_and_is_callable[Themes]" time="0.000" /><testcase classname="tests.test_parity" name="test_full_feature_api_exists_and_is_callable[Element_legend]" time="0.000" /><testcase classname="tests.test_parity" name="test_full_feature_api_exists_and_is_callable[Composable_modification_(result_+_layer)]" time="0.000" /><testcase classname="tests.test_parity" name="test_full_feature_api_exists_and_is_callable[Highlight_nodes]" time="0.000" /><testcase classname="tests.test_parity" name="test_full_feature_api_exists_and_is_callable[Highlight_edges/arcs]" time="0.000" /><testcase classname="tests.test_parity" name="test_full_feature_api_exists_and_is_callable[Highlight_a_path]" time="0.000" /><testcase classname="tests.test_parity" name="test_full_feature_api_exists_and_is_callable[Change_node_labels]" time="0.000" /><testcase classname="tests.test_parity" name="test_full_feature_api_exists_and_is_callable[Free-text_annotation]" time="0.000" /><testcase classname="tests.test_parity" name="test_full_feature_api_exists_and_is_callable[KEGG_download]" time="0.000" /><testcase classname="tests.test_parity" name="test_full_feature_api_exists_and_is_callable[Reactome_SBGN_download]" time="0.000" /><testcase classname="tests.test_parity" name="test_full_feature_api_exists_and_is_callable[Pre-generated_SBGN_collection]" time="0.000" /><testcase classname="tests.test_parity" name="test_full_feature_api_exists_and_is_callable[Collection_browsable_offline]" time="0.000" /><testcase classname="tests.test_parity" name="test_full_feature_api_exists_and_is_callable[PANTHER_download]" time="0.000" /><testcase classname="tests.test_parity" name="test_full_feature_api_exists_and_is_callable[MetaCyc_download]" time="0.000" /><testcase classname="tests.test_parity" name="test_full_feature_api_exists_and_is_callable[SMPDB_download]" time="0.000" /><testcase classname="tests.test_parity" name="test_full_feature_api_exists_and_is_callable[MetaCrop_download]" time="0.000" /><testcase classname="tests.test_parity" name="test_full_feature_api_exists_and_is_callable[Local_SBGN_files_from_any_source]" time="0.000" /><testcase classname="tests.test_parity" name="test_full_feature_api_exists_and_is_callable[Pathway_search_by_name]" time="0.000" /><testcase classname="tests.test_parity" name="test_full_feature_api_exists_and_is_callable[Top-level_SBGN_render_entry_point]" time="0.000" /><testcase classname="tests.test_parity" name="test_full_feature_api_exists_and_is_callable[Omics_overlay_on_SBGN_glyphs]" time="0.000" /><testcase classname="tests.test_parity" name="test_full_feature_api_exists_and_is_callable[SBGN_batch_rendering]" time="0.000" /><testcase classname="tests.test_parity" name="test_full_feature_api_exists_and_is_callable[Arc-class_styling]" time="0.000" /><testcase classname="tests.test_parity" name="test_full_feature_api_exists_and_is_callable[Process_/_operator_glyph_rendering]" time="0.000" /><testcase classname="tests.test_parity" name="test_full_feature_api_exists_and_is_callable[Compartment-aware_layout_extent]" time="0.002" /><testcase classname="tests.test_parity" name="test_full_feature_api_exists_and_is_callable[Typed_errors]" time="0.001" /><testcase classname="tests.test_parity" name="test_full_feature_api_exists_and_is_callable[Mapping_diagnostics_returned]" time="0.000" /><testcase classname="tests.test_parity" name="test_full_feature_api_exists_and_is_callable[Disk_cache_with_TTL]" time="0.000" /><testcase classname="tests.test_parity" name="test_full_feature_api_exists_and_is_callable[Retry_with_backoff]" time="0.001" /><testcase classname="tests.test_parity" name="test_full_feature_api_exists_and_is_callable[Enforced_offline_mode]" time="0.000" /><testcase classname="tests.test_parity" name="test_full_feature_api_exists_and_is_callable[Command-line_interface]" time="0.000" /><testcase classname="tests.test_parity" name="test_full_feature_api_exists_and_is_callable[Graph_metrics]" time="0.000" /><testcase classname="tests.test_parity" name="test_full_feature_api_exists_and_is_callable[Multi-pathway_batch_in_one_call]" time="0.000" /><testcase classname="tests.test_parity" name="test_full_feature_api_exists_and_is_callable[Reads_R_.RData_without_R]" time="0.000" /><testcase classname="tests.test_parity" name="test_every_partial_feature_documents_its_limitation" time="0.000" /><testcase classname="tests.test_parity" name="test_every_gap_documents_the_workaround" time="0.000" /><testcase classname="tests.test_parity" name="test_summary_arithmetic_is_consistent" time="0.001" /><testcase classname="tests.test_parity" name="test_gaps_match_the_matrix" time="0.001" /><testcase classname="tests.test_parity" name="test_markdown_render_is_a_table" time="0.000" /><testcase classname="tests.test_parity" name="test_feature_table_frame" time="0.001" /><testcase classname="tests.test_parity" name="test_status_vocabulary_is_closed" time="0.000" /><testcase classname="tests.test_parity" name="test_no_stub_functions_are_exported" time="0.023" /><testcase classname="tests.test_parity" name="test_sdist_would_ship_a_runnable_test_suite" time="0.000" /><testcase classname="tests.test_parity" name="test_every_public_name_actually_exists" time="0.000" /><testcase classname="tests.test_parity" name="test_star_import_works" time="0.000" /><testcase classname="tests.test_parity" name="test_no_duplicate_public_names" time="0.000" /><testcase classname="tests.test_parity.TestSmokeTestModule" name="test_all_checks_pass_on_a_working_install" time="0.144" /><testcase classname="tests.test_parity.TestSmokeTestModule" name="test_it_detects_a_broken_component" time="0.010" /><testcase classname="tests.test_parity.TestSmokeTestModule" name="test_needs_no_fixtures_or_network" time="0.108" /><testcase classname="tests.test_render.TestRenderModes" name="test_mode_writes_a_file[vector-png]" time="0.502" /><testcase classname="tests.test_render.TestRenderModes" name="test_mode_writes_a_file[vector-pdf]" time="0.489" /><testcase classname="tests.test_render.TestRenderModes" name="test_mode_writes_a_file[vector-svg]" time="0.373" /><testcase classname="tests.test_render.TestRenderModes" name="test_mode_writes_a_file[svg-svg]" time="0.172" /><testcase classname="tests.test_render.TestRenderModes" name="test_mode_writes_a_file[graph-png]" time="0.485" /><testcase classname="tests.test_render.TestRenderModes" name="test_native_overlays_the_kegg_png" time="0.315" /><testcase classname="tests.test_render.TestRenderModes" name="test_auto_falls_back_to_vector_without_a_background" time="0.481" /><testcase classname="tests.test_render.TestRenderModes" name="test_unknown_mode_raises" time="0.011" /><testcase classname="tests.test_render.TestColourApplication" name="test_data_changes_the_picture" time="1.014" /><testcase classname="tests.test_render.TestColourApplication" name="test_both_colour_keys_appear_for_dual_omics" time="0.169" /><testcase classname="tests.test_render.TestColourApplication" name="test_gene_only_run_draws_one_key" time="0.183" /><testcase classname="tests.test_render.TestSVGValidity" name="test_svg_is_well_formed" time="0.193" /><testcase classname="tests.test_render.TestSVGValidity" name="test_svg_element_ids_are_unique" time="0.201" /><testcase classname="tests.test_render.TestSVGValidity" name="test_svg_contains_edges" time="0.182" /><testcase classname="tests.test_render.TestLegends" name="test_kegg_legend_saves_without_a_display" time="0.194" /><testcase classname="tests.test_render.TestLegends" name="test_sbgn_legend_saves" time="0.227" /><testcase classname="tests.test_render.TestLegends" name="test_legend_variants[both]" time="0.175" /><testcase classname="tests.test_render.TestLegends" name="test_legend_variants[edge]" time="0.124" /><testcase classname="tests.test_render.TestLegends" name="test_legend_variants[node]" time="0.055" /><testcase classname="tests.test_render.TestGraphView" name="test_layouts[kgml]" time="0.276" /><testcase classname="tests.test_render.TestGraphView" name="test_layouts[spring]" time="0.271" /><testcase classname="tests.test_render.TestGraphView" name="test_layouts[kamada_kawai]" time="0.537" /><testcase classname="tests.test_render.TestGraphView" name="test_layouts[circular]" time="0.289" /><testcase classname="tests.test_render.TestGraphView" name="test_layouts[shell]" time="0.288" /><testcase classname="tests.test_render.TestGraphView" name="test_missing_optional_layout_dependency_is_explained" time="0.001"><skipped type="pytest.skip" message="SciPy is installed">/Users/summermalik/Desktop/PATHVIEW-MARKDOWN/08-11-2026/sources/pathview-plus/tests/test_render.py:160: SciPy is installed</skipped></testcase><testcase classname="tests.test_render.TestGraphView" name="test_unknown_layout_lists_the_valid_ones" time="0.002" /><testcase classname="tests.test_render.TestGraphView" name="test_metrics" time="0.001" /><testcase classname="tests.test_render.TestThemes" name="test_theme_renders[publication]" time="0.472" /><testcase classname="tests.test_render.TestThemes" name="test_theme_renders[slate]" time="0.486" /><testcase classname="tests.test_render.TestThemes" name="test_theme_renders[dark]" time="0.498" /><testcase classname="tests.test_render.TestPainting" name="test_paint_preserves_dark_pixels" time="0.001" /><testcase classname="tests.test_render.TestPainting" name="test_circle_painting_is_antialiased" time="0.002" /><testcase classname="tests.test_sbgn_collection.TestCollectionIndex" name="test_index_ships_in_the_wheel" time="0.000" /><testcase classname="tests.test_sbgn_collection.TestCollectionIndex" name="test_all_five_sources_present" time="0.001" /><testcase classname="tests.test_sbgn_collection.TestCollectionIndex" name="test_known_pathways_are_indexed[panther-P00001]" time="0.001" /><testcase classname="tests.test_sbgn_collection.TestCollectionIndex" name="test_known_pathways_are_indexed[smpdb-SMP00001]" time="0.000" /><testcase classname="tests.test_sbgn_collection.TestCollectionIndex" name="test_known_pathways_are_indexed[metacyc-GLYCOLYSIS]" time="0.001" /><testcase classname="tests.test_sbgn_collection.TestCollectionIndex" name="test_known_pathways_are_indexed[reactome-R-HSA-109688]" time="0.000" /><testcase classname="tests.test_sbgn_collection.TestCollectionIndex" name="test_browsing_is_filtered_and_offline" time="0.000" /><testcase classname="tests.test_sbgn_collection.TestCollectionIndex" name="test_search_within_a_source" time="0.001" /><testcase classname="tests.test_sbgn_collection.TestCollectionIndex" name="test_unknown_source_is_rejected" time="0.000" /><testcase classname="tests.test_sbgn_collection.TestCollectionIndex" name="test_missing_pathway_suggests_alternatives" time="0.006" /><testcase classname="tests.test_sbgn_collection.TestCollectionIndex" name="test_url_is_well_formed" time="0.001" /><testcase classname="tests.test_sbgn_collection.TestCrosswalks" name="test_crosswalk_ships_in_the_wheel" time="0.000" /><testcase classname="tests.test_sbgn_collection.TestCrosswalks" name="test_routes_are_declared" time="0.007" /><testcase classname="tests.test_sbgn_collection.TestCrosswalks" name="test_route_exists[SYMBOL-pathwayCommons]" time="0.000" /><testcase classname="tests.test_sbgn_collection.TestCrosswalks" name="test_route_exists[ENTREZ-pathwayCommons]" time="0.000" /><testcase classname="tests.test_sbgn_collection.TestCrosswalks" name="test_route_exists[KEGG-chebi]" time="0.000" /><testcase classname="tests.test_sbgn_collection.TestCrosswalks" name="test_route_exists[NAME-kegg]" time="0.000" /><testcase classname="tests.test_sbgn_collection.TestCrosswalks" name="test_route_exists[KO-pathwayCommons]" time="0.000" /><testcase classname="tests.test_sbgn_collection.TestCrosswalks" name="test_route_exists[ENTREZ-SYMBOL]" time="0.000" /><testcase classname="tests.test_sbgn_collection.TestCrosswalks" name="test_multi_hop_routing" time="0.000" /><testcase classname="tests.test_sbgn_collection.TestCrosswalks" name="test_known_conversions" time="0.000" /><testcase classname="tests.test_sbgn_collection.TestCrosswalks" name="test_entrez_to_symbol_roundtrip" time="0.000" /><testcase classname="tests.test_sbgn_collection.TestCrosswalks" name="test_identity_returns_two_columns" time="0.000" /><testcase classname="tests.test_sbgn_collection.TestCrosswalks" name="test_impossible_route_names_the_options" time="0.054" /><testcase classname="tests.test_sbgn_collection.TestCrosswalks" name="test_detailed_reports_coverage" time="0.000" /><testcase classname="tests.test_sbgn_collection.TestDatabaseCapabilities" name="test_every_database_is_now_available" time="0.000" /><testcase classname="tests.test_sbgn_collection.TestDatabaseCapabilities" name="test_dispatch_by_id_shape[hsa04110-kegg]" time="0.000" /><testcase classname="tests.test_sbgn_collection.TestDatabaseCapabilities" name="test_dispatch_by_id_shape[04110-kegg]" time="0.000" /><testcase classname="tests.test_sbgn_collection.TestDatabaseCapabilities" name="test_dispatch_by_id_shape[R-HSA-109688-reactome]" time="0.000" /><testcase classname="tests.test_sbgn_collection.TestDatabaseCapabilities" name="test_dispatch_by_id_shape[P00001-panther]" time="0.000" /><testcase classname="tests.test_sbgn_collection.TestDatabaseCapabilities" name="test_dispatch_by_id_shape[SMP00001-smpdb]" time="0.000" /><testcase classname="tests.test_sbgn_collection.TestDatabaseCapabilities" name="test_dispatch_by_id_shape[GLYCOLYSIS-metacyc]" time="0.000" /><testcase classname="tests.test_sbgn_collection.TestDatabaseCapabilities" name="test_dispatch_by_id_shape[1CMET2-PWY-metacyc]" time="0.000" /><testcase classname="tests.test_sbgn_collection.TestDatabaseCapabilities" name="test_dispatch_by_id_shape[Alanine Degradation-metacrop]" time="0.001" /><testcase classname="tests.test_sbgn_collection.TestDatabaseCapabilities" name="test_unrecognised_id_is_reported" time="0.000" /><testcase classname="tests.test_sbgn_collection.TestDatabaseCapabilities" name="test_downloader_rejects_mismatched_source" time="0.000" /><testcase classname="tests.test_sbgn_collection.TestDatabaseCapabilities" name="test_offline_download_explains_itself" time="0.001" /><testcase classname="tests.test_sbgn_collection.TestLiveCollectionDownload" name="test_download_and_parse[P00001-panther]" time="0.000"><skipped type="pytest.skip" message="set PATHVIEW_TEST_NETWORK=1 to enable">/Users/summermalik/Desktop/PATHVIEW-MARKDOWN/08-11-2026/sources/pathview-plus/tests/test_sbgn_collection.py:185: set PATHVIEW_TEST_NETWORK=1 to enable</skipped></testcase><testcase classname="tests.test_sbgn_collection.TestLiveCollectionDownload" name="test_download_and_parse[SMP00001-smpdb]" time="0.000"><skipped type="pytest.skip" message="set PATHVIEW_TEST_NETWORK=1 to enable">/Users/summermalik/Desktop/PATHVIEW-MARKDOWN/08-11-2026/sources/pathview-plus/tests/test_sbgn_collection.py:185: set PATHVIEW_TEST_NETWORK=1 to enable</skipped></testcase><testcase classname="tests.test_sbgn_collection.TestLiveCollectionDownload" name="test_download_and_parse[GLYCOLYSIS-metacyc]" time="0.000"><skipped type="pytest.skip" message="set PATHVIEW_TEST_NETWORK=1 to enable">/Users/summermalik/Desktop/PATHVIEW-MARKDOWN/08-11-2026/sources/pathview-plus/tests/test_sbgn_collection.py:185: set PATHVIEW_TEST_NETWORK=1 to enable</skipped></testcase><testcase classname="tests.test_sbgn_collection.TestLocalSbgnFilesParseIdentically" name="test_local_file_needs_no_download" time="0.006" /><testcase classname="tests.test_sbgn_collection.TestLocalSbgnFilesParseIdentically" name="test_sbgnview_accepts_a_path" time="0.525" /><testcase classname="tests.test_sbgn_collection.TestRDataReader" name="test_reads_a_named_vector_table" time="0.000"><skipped type="pytest.skip" message="source RData not present in this environment">/Users/summermalik/Desktop/PATHVIEW-MARKDOWN/08-11-2026/sources/pathview-plus/tests/test_sbgn_collection.py:233: source RData not present in this environment</skipped></testcase><testcase classname="tests.test_sbgn_collection.TestRDataReader" name="test_unreadable_file_raises_rather_than_guessing" time="0.001" /><testcase classname="tests.test_sbgn_collection.TestRDataReader" name="test_object_listing" time="0.001"><skipped type="pytest.skip" message="source RData not present in this environment">/Users/summermalik/Desktop/PATHVIEW-MARKDOWN/08-11-2026/sources/pathview-plus/tests/test_sbgn_collection.py:256: source RData not present in this environment</skipped></testcase></testsuite></testsuites>