<?xml version="1.0" encoding="utf-8"?><testsuites name="pytest tests"><testsuite name="pytest" errors="0" failures="0" skipped="8" tests="49" time="2.594" timestamp="2026-08-10T22:21:11.671282-04:00" hostname="Summers-Air.lan"><testcase classname="tests.test_pygage_offline" name="test_import_and_version" time="0.000" /><testcase classname="tests.test_pygage_offline" name="test_benjamini_hochberg_known_values" time="0.000" /><testcase classname="tests.test_pygage_offline" name="test_all_documented_preparation_modes[paired-3]" time="0.002" /><testcase classname="tests.test_pygage_offline" name="test_all_documented_preparation_modes[unpaired-5]" time="0.000" /><testcase classname="tests.test_pygage_offline" name="test_all_documented_preparation_modes[as.group-2]" time="0.000" /><testcase classname="tests.test_pygage_offline" name="test_all_documented_preparation_modes[1ongroup-3]" time="0.000" /><testcase classname="tests.test_pygage_offline" name="test_unsigned_and_raw_count_preparation" time="0.002" /><testcase classname="tests.test_pygage_offline" name="test_statistical_and_meta_methods[stouffer-t-test]" time="0.002" /><testcase classname="tests.test_pygage_offline" name="test_statistical_and_meta_methods[stouffer-z-test]" time="0.001" /><testcase classname="tests.test_pygage_offline" name="test_statistical_and_meta_methods[stouffer-ks-test]" time="0.005" /><testcase classname="tests.test_pygage_offline" name="test_statistical_and_meta_methods[fisher-t-test]" time="0.001" /><testcase classname="tests.test_pygage_offline" name="test_statistical_and_meta_methods[fisher-z-test]" time="0.001" /><testcase classname="tests.test_pygage_offline" name="test_statistical_and_meta_methods[fisher-ks-test]" time="0.004" /><testcase classname="tests.test_pygage_offline" name="test_extended_analysis_options_are_deterministic" time="0.008" /><testcase classname="tests.test_pygage_offline" name="test_directionless_analysis" time="0.001" /><testcase classname="tests.test_pygage_offline" name="test_convenience_gage_raw_and_prepared" time="0.004" /><testcase classname="tests.test_pygage_offline" name="test_input_adapters_accept_files_frames_pandas_and_dict" time="0.241" /><testcase classname="tests.test_pygage_offline" name="test_anndata_input_adapter" time="0.006" /><testcase classname="tests.test_pygage_offline" name="test_gene_set_formats_go_propagation_and_cache" time="0.002" /><testcase classname="tests.test_pygage_offline" name="test_transform_extract_export_and_result_helpers" time="0.192" /><testcase classname="tests.test_pygage_offline" name="test_comparison_and_all_plot_families" time="0.687" /><testcase classname="tests.test_pygage_offline" name="test_new_pathway_gene_color_chart" time="0.001"><skipped type="pytest.xfail" message="Matplotlib 3.11 removed matplotlib.cm.get_cmap used by this new PyGAGE chart" /></testcase><testcase classname="tests.test_pygage_offline" name="test_thread_configuration" time="0.001" /><testcase classname="tests.test_pygage_offline" name="test_star_import_contract" time="0.000"><skipped type="pytest.xfail" message="pygage.__all__ names normalize_gene_sets without importing it at package scope" /></testcase><testcase classname="tests.test_pygage_offline" name="test_multiple_sample_blocks_per_reference_are_supported" time="0.000"><skipped type="pytest.xfail" message="Documented repeated paired design does not repeat reference columns before subtraction" /></testcase><testcase classname="tests.test_pygage_offline" name="test_permutation_null_is_informative" time="0.008"><skipped type="pytest.xfail" message="Permutation shuffles prepared columns, leaving the cross-column statistic invariant" /></testcase><testcase classname="tests.test_pygage_offline" name="test_packaged_r_gage_regression_parity[t-test-stouffer-gage_tTest_greater.csv.gz]" time="0.037" /><testcase classname="tests.test_pygage_offline" name="test_packaged_r_gage_regression_parity[z-test-stouffer-gage_zTest_greater.csv.gz]" time="0.045" /><testcase classname="tests.test_pygage_offline" name="test_packaged_r_gage_regression_parity[t-test-fisher-gage_fisher_greater.csv.gz]" time="0.027" /><testcase classname="tests.test_pygage_offline" name="test_new_gds3627_file_is_readable_and_design_is_identifiable" time="0.186" /><testcase classname="tests.test_pathview_offline" name="test_import_and_packaging_version_are_recorded" time="0.000" /><testcase classname="tests.test_pathview_offline" name="test_distribution_and_runtime_versions_match" time="0.003"><skipped type="pytest.xfail" message="Distribution is 2.0.2 but pathview.__version__ remains 2.0.0" /></testcase><testcase classname="tests.test_pathview_offline" name="test_color_mapping_continuous_clipping_nan_and_transform" time="0.001" /><testcase classname="tests.test_pathview_offline" name="test_single_state_paints_whole_gene_node" time="0.001" /><testcase classname="tests.test_pathview_offline" name="test_two_state_gene_node_is_exact_left_right_half" time="0.000" /><testcase classname="tests.test_pathview_offline" name="test_three_state_gene_node_uses_ordered_equal_slices" time="0.000" /><testcase classname="tests.test_pathview_offline" name="test_compound_multi_state_slices" time="0.001" /><testcase classname="tests.test_pathview_offline" name="test_svg_two_state_geometry_and_xml_validity" time="0.000" /><testcase classname="tests.test_pathview_offline" name="test_molecule_aggregation_methods[sum-2.0]" time="0.001" /><testcase classname="tests.test_pathview_offline" name="test_molecule_aggregation_methods[mean-1.0]" time="0.002" /><testcase classname="tests.test_pathview_offline" name="test_molecule_aggregation_methods[median-1.0]" time="0.001" /><testcase classname="tests.test_pathview_offline" name="test_molecule_aggregation_methods[max-3.0]" time="0.001" /><testcase classname="tests.test_pathview_offline" name="test_max_abs_aggregation" time="0.003"><skipped type="pytest.xfail" message="max_abs aggregation applies a group UDF to scalar elements with current Polars" /></testcase><testcase classname="tests.test_pathview_offline" name="test_simulated_compound_data_is_reproducible" time="0.003" /><testcase classname="tests.test_pathview_offline" name="test_kgml_parser_node_relation_and_reaction" time="0.001" /><testcase classname="tests.test_pathview_offline" name="test_sbgn_parser_and_unified_dataframe" time="0.001"><skipped type="pytest.xfail" message="The current SBGN parser does not namespace-qualify glyph and arc searches" /></testcase><testcase classname="tests.test_pathview_offline" name="test_bezier_and_routing_helpers" time="0.000" /><testcase classname="tests.test_pathview_offline" name="test_catmull_rom_documented_default_is_finite" time="0.001"><skipped type="pytest.xfail" message="Current Catmull-Rom endpoint duplication divides by zero and returns NaN" /></testcase><testcase classname="tests.test_pathview_offline" name="test_highlighting_layers_compose_and_save" time="0.002" /></testsuite></testsuites>