<?xml version="1.0" encoding="utf-8"?><testsuites name="pytest tests"><testsuite name="pytest" errors="0" failures="0" skipped="96" tests="239" time="13.674" timestamp="2026-08-10T23:07:38.186979-04:00" hostname="Summers-Air.lan"><testcase classname="tests.test_cli_and_integrations" name="test_cli_help_is_available" time="8.673" /><testcase classname="tests.test_cli_and_integrations" name="test_cli_rejects_invalid_output_choice" time="0.002" /><testcase classname="tests.test_cli_and_integrations" name="test_cli_requires_pathway_unless_legend" time="0.001" /><testcase classname="tests.test_cli_and_integrations" name="test_cli_gene_and_compound_tables_reach_core" time="0.033" /><testcase classname="tests.test_cli_and_integrations" name="test_cli_compound_only_workflow" time="0.001"><skipped type="pytest.xfail" message="PV-BUG-052: CLI unconditionally calls gene_data.cast even for compound-only input" /></testcase><testcase classname="tests.test_cli_and_integrations" name="test_cli_simulation_can_be_combined_with_compound_data" time="0.002"><skipped type="pytest.xfail" message="PV-BUG-077: --simulate branch silently ignores a supplied --cpd-data file" /></testcase><testcase classname="tests.test_cli_and_integrations" name="test_cli_reports_non_null_mapped_count" time="0.001"><skipped type="pytest.xfail" message="PV-BUG-053: CLI reports pathway row count as 'nodes mapped', including null rows" /></testcase><testcase classname="tests.test_cli_and_integrations" name="test_upstream_feature_script_runs_as_documented" time="0.088"><skipped type="pytest.xfail" message="PV-BUG-054: upstream feature script fails when run directly because of relative imports" /></testcase><testcase classname="tests.test_cli_and_integrations" name="test_ko_species_resolution_is_offline" time="0.001" /><testcase classname="tests.test_cli_and_integrations" name="test_species_code_exact_match_is_case_insensitive" time="0.000" /><testcase classname="tests.test_cli_and_integrations" name="test_species_resolution_accepts_common_name" time="0.000"><skipped type="pytest.xfail" message="PV-BUG-055: promised common-name lookup requires exact equality with full KEGG description" /></testcase><testcase classname="tests.test_cli_and_integrations" name="test_kegg_download_builds_official_urls_and_writes_files" time="0.001" /><testcase classname="tests.test_cli_and_integrations" name="test_kegg_download_rejects_invalid_file_type" time="0.000"><skipped type="pytest.xfail" message="PV-BUG-056: invalid KEGG file types fail with internal KeyError instead of validation error" /></testcase><testcase classname="tests.test_cli_and_integrations" name="test_kegg_download_rejects_html_error_page_with_status_200[xml]" time="0.001"><skipped type="pytest.xfail" message="PV-BUG-057: KEGG downloader trusts any HTTP 200 body without format/content validation" /></testcase><testcase classname="tests.test_cli_and_integrations" name="test_kegg_download_rejects_html_error_page_with_status_200[png]" time="0.001"><skipped type="pytest.xfail" message="PV-BUG-057: KEGG downloader trusts any HTTP 200 body without format/content validation" /></testcase><testcase classname="tests.test_cli_and_integrations" name="test_mygene_uses_documented_batch_query_endpoint" time="0.001"><skipped type="pytest.xfail" message="PV-BUG-058: MyGene batch endpoint is /v3/query, not coded /v3/querymany" /></testcase><testcase classname="tests.test_cli_and_integrations" name="test_mygene_notfound_result_becomes_null" time="0.001" /><testcase classname="tests.test_cli_and_integrations" name="test_mygene_nested_uniprot_result_extracts_accession" time="0.001"><skipped type="pytest.xfail" message="PV-BUG-059: nested MyGene fields are stringified as Python dicts instead of extracting IDs" /></testcase><testcase classname="tests.test_cli_and_integrations" name="test_mygene_returnall_response_shape_is_supported" time="0.000"><skipped type="pytest.xfail" message="PV-BUG-078: MyGene returnall dictionary response is iterated as if it were a list of hits" /></testcase><testcase classname="tests.test_cli_and_integrations" name="test_symbol_mapping_translates_kegg_species_to_mygene_species" time="0.000"><skipped type="pytest.xfail" message="PV-BUG-060: core forwards KEGG code 'hsa' where MyGene documents common names/taxonomy IDs" /></testcase><testcase classname="tests.test_cli_and_integrations" name="test_compound_mapping_uses_documented_kegg_database_name" time="0.000"><skipped type="pytest.xfail" message="PV-BUG-061: KEGG chemical conversion uses alias 'cpd' where API specifies 'compound'" /></testcase><testcase classname="tests.test_cli_and_integrations" name="test_compound_mapping_parses_controlled_kegg_response" time="0.001" /><testcase classname="tests.test_cli_and_integrations" name="test_compound_mapping_normalizes_prefixed_input" time="0.000"><skipped type="pytest.xfail" message="PV-BUG-062: already-prefixed compound IDs receive a duplicate source prefix" /></testcase><testcase classname="tests.test_cli_and_integrations" name="test_database_detection[R-HSA-109582-reactome]" time="0.000" /><testcase classname="tests.test_cli_and_integrations" name="test_database_detection[PWY-7210-metacyc]" time="0.000" /><testcase classname="tests.test_cli_and_integrations" name="test_database_detection[P00001-panther]" time="0.000" /><testcase classname="tests.test_cli_and_integrations" name="test_database_detection[SMP0000001-smpdb]" time="0.000" /><testcase classname="tests.test_cli_and_integrations" name="test_database_detection[hsa04110-None]" time="0.000" /><testcase classname="tests.test_cli_and_integrations" name="test_database_detection[unknown-None]" time="0.000" /><testcase classname="tests.test_cli_and_integrations" name="test_database_detection_validates_smpdb_identifier" time="0.000"><skipped type="pytest.xfail" message="PV-BUG-063: SMP prefix detection accepts malformed arbitrary IDs" /></testcase><testcase classname="tests.test_cli_and_integrations" name="test_database_detection_is_case_insensitive" time="0.000"><skipped type="pytest.xfail" message="PV-BUG-064: database detection is unexpectedly case-sensitive" /></testcase><testcase classname="tests.test_cli_and_integrations" name="test_reactome_downloader_writes_controlled_sbgn" time="0.001" /><testcase classname="tests.test_cli_and_integrations" name="test_reactome_downloader_uses_file_exporter_route" time="0.000"><skipped type="pytest.xfail" message="PV-BUG-074: Reactome SBGN file exporter route is coded as /exporter/sbgn/{id}.sbgn instead of /exporter/event/{id}.sbgn" /></testcase><testcase classname="tests.test_cli_and_integrations" name="test_sbgn_downloaders_reject_html[download_reactome-R-HSA-109582]" time="0.001"><skipped type="pytest.xfail" message="PV-BUG-065: SBGN downloaders accept HTTP 200 HTML pages as successful pathway files" /></testcase><testcase classname="tests.test_cli_and_integrations" name="test_sbgn_downloaders_reject_html[download_metacyc-PWY-7210]" time="0.001"><skipped type="pytest.xfail" message="PV-BUG-065: SBGN downloaders accept HTTP 200 HTML pages as successful pathway files" /></testcase><testcase classname="tests.test_cli_and_integrations" name="test_reactome_listing_uses_requested_species" time="0.000"><skipped type="pytest.xfail" message="PV-BUG-066: list_reactome_pathways hardcodes Homo sapiens in URL" /></testcase><testcase classname="tests.test_cli_and_integrations" name="test_panther_downloader_returns_path" time="0.000"><skipped type="pytest.xfail" message="PV-FEATURE-005: PANTHER downloader is an explicit unimplemented stub" /></testcase><testcase classname="tests.test_cli_and_integrations" name="test_smpdb_downloader_returns_path" time="0.000"><skipped type="pytest.xfail" message="PV-FEATURE-006: SMPDB downloader is an explicit unimplemented stub" /></testcase><testcase classname="tests.test_cli_and_integrations" name="test_core_routes_reactome_ids_to_reactome_pipeline" time="0.001"><skipped type="pytest.xfail" message="PV-FEATURE-007: non-KEGG database detection/download/parsing is not wired through pathview()" /></testcase><testcase classname="tests.test_highlighting_and_splines" name="test_hex_node_highlight_returns_copy_and_preserves_original" time="0.010" /><testcase classname="tests.test_highlighting_and_splines" name="test_missing_highlight_identifier_is_a_no_op" time="0.001" /><testcase classname="tests.test_highlighting_and_splines" name="test_hex_edge_and_path_highlights_modify_image" time="0.001" /><testcase classname="tests.test_highlighting_and_splines" name="test_modified_result_saves_png_and_pdf" time="0.047" /><testcase classname="tests.test_highlighting_and_splines" name="test_save_without_image_has_clear_error" time="0.000" /><testcase classname="tests.test_highlighting_and_splines" name="test_default_named_node_highlight_color_works" time="0.001"><skipped type="pytest.xfail" message="PV-BUG-032: documented/default named highlight colors are parsed as six-digit hex" /></testcase><testcase classname="tests.test_highlighting_and_splines" name="test_highlight_border_uses_same_coordinates_as_native_gene_node" time="0.001"><skipped type="pytest.xfail" message="PV-BUG-039: highlights flip y but native gene painting does not, so borders miss noncentral nodes" /></testcase><testcase classname="tests.test_highlighting_and_splines" name="test_border_opacity_blends_with_existing_pixels" time="0.000"><skipped type="pytest.xfail" message="PV-BUG-040: highlight opacity argument is ignored" /></testcase><testcase classname="tests.test_highlighting_and_splines" name="test_change_labels_visibly_changes_rendered_result" time="0.002"><skipped type="pytest.xfail" message="PV-BUG-041: change_labels records metadata but does not alter the saved image" /></testcase><testcase classname="tests.test_highlighting_and_splines" name="test_edge_highlighting_supports_compounds" time="0.001"><skipped type="pytest.xfail" message="PV-BUG-042: edge highlighting builds positions from genes only" /></testcase><testcase classname="tests.test_highlighting_and_splines" name="test_line_thickness_one_is_exactly_one_pixel" time="0.001"><skipped type="pytest.xfail" message="PV-BUG-043: requested one-pixel line is drawn two pixels thick" /></testcase><testcase classname="tests.test_highlighting_and_splines" name="test_save_infers_format_from_file_extension" time="0.001"><skipped type="pytest.xfail" message="PV-BUG-044: save() does not infer PDF from path and writes PNG bytes to a .pdf name" /></testcase><testcase classname="tests.test_highlighting_and_splines" name="test_highlighting_supports_rgba_pathway_images" time="0.001"><skipped type="pytest.xfail" message="PV-BUG-072: highlight drawing cannot assign RGB tuples into RGBA arrays" /></testcase><testcase classname="tests.test_highlighting_and_splines" name="test_label_changes_survive_later_highlight_layers" time="0.001"><skipped type="pytest.xfail" message="PV-BUG-073: dynamic label-change metadata is lost when another layer is chained" /></testcase><testcase classname="tests.test_highlighting_and_splines" name="test_cubic_bezier_shape_and_endpoints[2]" time="0.001" /><testcase classname="tests.test_highlighting_and_splines" name="test_cubic_bezier_shape_and_endpoints[10]" time="0.000" /><testcase classname="tests.test_highlighting_and_splines" name="test_cubic_bezier_shape_and_endpoints[51]" time="0.000" /><testcase classname="tests.test_highlighting_and_splines" name="test_quadratic_bezier_shape_and_endpoints[2]" time="0.000" /><testcase classname="tests.test_highlighting_and_splines" name="test_quadratic_bezier_shape_and_endpoints[10]" time="0.000" /><testcase classname="tests.test_highlighting_and_splines" name="test_quadratic_bezier_shape_and_endpoints[51]" time="0.000" /><testcase classname="tests.test_highlighting_and_splines" name="test_empty_bezier_svg_path_is_empty" time="0.000" /><testcase classname="tests.test_highlighting_and_splines" name="test_bezier_svg_path_contains_all_samples_and_optional_close" time="0.000" /><testcase classname="tests.test_highlighting_and_splines" name="test_catmull_rom_documented_inputs_are_finite[points0]" time="0.001"><skipped type="pytest.xfail" message="PV-BUG-045: duplicated phantom/repeated Catmull-Rom points cause zero denominators and NaNs" /></testcase><testcase classname="tests.test_highlighting_and_splines" name="test_catmull_rom_documented_inputs_are_finite[points1]" time="0.001"><skipped type="pytest.xfail" message="PV-BUG-045: duplicated phantom/repeated Catmull-Rom points cause zero denominators and NaNs" /></testcase><testcase classname="tests.test_highlighting_and_splines" name="test_catmull_rom_documented_inputs_are_finite[points2]" time="0.001"><skipped type="pytest.xfail" message="PV-BUG-045: duplicated phantom/repeated Catmull-Rom points cause zero denominators and NaNs" /></testcase><testcase classname="tests.test_highlighting_and_splines" name="test_one_catmull_point_is_returned_unchanged" time="0.000" /><testcase classname="tests.test_highlighting_and_splines" name="test_straight_and_explicit_curved_routes" time="0.001" /><testcase classname="tests.test_highlighting_and_splines" name="test_curved_routing_works_without_obstacle_list" time="0.001"><skipped type="pytest.xfail" message="PV-BUG-046: obstacles=None forces every routing mode to a straight two-point line" /></testcase><testcase classname="tests.test_highlighting_and_splines" name="test_edge_route_avoids_supplied_obstacle" time="0.000"><skipped type="pytest.xfail" message="PV-BUG-047: obstacles argument is not consulted by routing implementation" /></testcase><testcase classname="tests.test_highlighting_and_splines" name="test_orthogonal_route_is_finite" time="0.001"><skipped type="pytest.xfail" message="PV-BUG-048: orthogonal routing delegates to broken Catmull-Rom implementation" /></testcase><testcase classname="tests.test_highlighting_and_splines" name="test_unknown_routing_mode_is_rejected" time="0.000"><skipped type="pytest.xfail" message="PV-BUG-049: unknown routing mode silently falls back to straight" /></testcase><testcase classname="tests.test_highlighting_and_splines" name="test_smooth_svg_tension_changes_curve" time="0.001"><skipped type="pytest.xfail" message="PV-BUG-050: smooth_path_svg tension parameter is unused" /></testcase><testcase classname="tests.test_highlighting_and_splines" name="test_nonfinite_curve_is_rejected_before_svg_serialization" time="0.000"><skipped type="pytest.xfail" message="PV-BUG-051: nonfinite curve values are serialized directly into SVG" /></testcase><testcase classname="tests.test_mapping_and_colors" name="test_supported_molecule_aggregations[sum-2.0]" time="0.010" /><testcase classname="tests.test_mapping_and_colors" name="test_supported_molecule_aggregations[mean-1.0]" time="0.001" /><testcase classname="tests.test_mapping_and_colors" name="test_supported_molecule_aggregations[median-1.0]" time="0.001" /><testcase classname="tests.test_mapping_and_colors" name="test_supported_molecule_aggregations[max-3.0]" time="0.001" /><testcase classname="tests.test_mapping_and_colors" name="test_unknown_aggregation_is_rejected" time="0.001" /><testcase classname="tests.test_mapping_and_colors" name="test_all_advertised_aggregations_work[max_abs]" time="0.003"><skipped type="pytest.xfail" message="PV-BUG-012: group aggregation UDF receives scalar elements under current Polars" /></testcase><testcase classname="tests.test_mapping_and_colors" name="test_all_advertised_aggregations_work[random]" time="0.001"><skipped type="pytest.xfail" message="PV-BUG-012: group aggregation UDF receives scalar elements under current Polars" /></testcase><testcase classname="tests.test_mapping_and_colors" name="test_no_matching_ids_has_clear_error" time="0.001" /><testcase classname="tests.test_mapping_and_colors" name="test_mol_sum_normalizes_both_id_column_types" time="0.001"><skipped type="pytest.xfail" message="PV-BUG-013: mol_sum casts data IDs to strings but not mapping IDs" /></testcase><testcase classname="tests.test_mapping_and_colors" name="test_null_mapping_targets_are_removed" time="0.001"><skipped type="pytest.xfail" message="PV-BUG-014: null mapping targets are aggregated into a null output ID" /></testcase><testcase classname="tests.test_mapping_and_colors" name="test_duplicate_mapping_pairs_do_not_double_count" time="0.001"><skipped type="pytest.xfail" message="PV-BUG-015: duplicated mapping pairs duplicate the input value before aggregation" /></testcase><testcase classname="tests.test_mapping_and_colors" name="test_one_source_can_map_to_two_targets" time="0.002" /><testcase classname="tests.test_mapping_and_colors" name="test_multi_id_pathway_node_aggregates_all_matching_genes" time="0.006" /><testcase classname="tests.test_mapping_and_colors" name="test_layout_only_node_map_has_identifier_and_nan" time="0.001" /><testcase classname="tests.test_mapping_and_colors" name="test_missing_requested_node_type_returns_none" time="0.001" /><testcase classname="tests.test_mapping_and_colors" name="test_mapped_node_table_retains_kegg_names" time="0.002"><skipped type="pytest.xfail" message="PV-BUG-009: mapped node table drops the exploded kegg_names identifier" /></testcase><testcase classname="tests.test_mapping_and_colors" name="test_kegg_gene_ids_can_be_mapped_without_stripping_prefix" time="0.001"><skipped type="pytest.xfail" message="PV-BUG-016: entrez_gnodes is unused and species prefixes are always stripped" /></testcase><testcase classname="tests.test_mapping_and_colors" name="test_simulated_compounds_are_seeded_and_unique" time="0.004" /><testcase classname="tests.test_mapping_and_colors" name="test_simulated_discrete_compounds_have_only_ids" time="0.001" /><testcase classname="tests.test_mapping_and_colors" name="test_simulation_rejects_negative_experiment_count" time="0.001"><skipped type="pytest.xfail" message="PV-BUG-017: negative experiment count is silently accepted" /></testcase><testcase classname="tests.test_mapping_and_colors" name="test_low_level_custom_aggregators_handle_nan" time="0.001" /><testcase classname="tests.test_mapping_and_colors" name="test_continuous_color_mapping_clips_and_handles_missing_values" time="0.002" /><testcase classname="tests.test_mapping_and_colors" name="test_asymmetric_tuple_limits_and_one_direction" time="0.001" /><testcase classname="tests.test_mapping_and_colors" name="test_color_transform_is_applied_before_mapping" time="0.001" /><testcase classname="tests.test_mapping_and_colors" name="test_infinities_are_clipped_to_endpoints" time="0.001" /><testcase classname="tests.test_mapping_and_colors" name="test_each_value_column_gets_one_color_column" time="0.001" /><testcase classname="tests.test_mapping_and_colors" name="test_decimal_string_values_mean_the_same_as_decimal_numbers" time="0.001"><skipped type="pytest.xfail" message="PV-BUG-018: decimal strings are parsed as hexadecimal numbers" /></testcase><testcase classname="tests.test_mapping_and_colors" name="test_discrete_setting_changes_color_mapping_mode" time="0.001"><skipped type="pytest.xfail" message="PV-FEATURE-001: discrete is accepted by public APIs but ignored by node_color" /></testcase><testcase classname="tests.test_mapping_and_colors" name="test_nonpositive_color_bin_counts_are_rejected[0]" time="0.001" /><testcase classname="tests.test_mapping_and_colors" name="test_nonpositive_color_bin_counts_are_rejected[-1]" time="0.001" /><testcase classname="tests.test_mapping_and_colors" name="test_colormap_accepts_named_and_hex_colors" time="0.000" /><testcase classname="tests.test_mapping_and_colors" name="test_hard_wordwrap_rejects_zero_width_instead_of_hanging" time="2.007"><skipped type="pytest.xfail" message="PV-BUG-079: wordwrap width=0 with break_word=True makes no progress and loops forever" /></testcase><testcase classname="tests.test_parsers" name="test_kgml_nodes_edges_reactions_and_groups" time="0.002" /><testcase classname="tests.test_parsers" name="test_kgml_entry_without_graphics_retains_null_geometry" time="0.001" /><testcase classname="tests.test_parsers" name="test_malformed_xml_raises_xml_parse_error" time="0.001" /><testcase classname="tests.test_parsers" name="test_missing_kgml_file_has_normal_file_error" time="0.001" /><testcase classname="tests.test_parsers" name="test_namespace_qualified_kgml_is_parsed" time="0.001"><skipped type="pytest.xfail" message="PV-BUG-019: namespace-qualified KGML child tags are not dispatched" /></testcase><testcase classname="tests.test_parsers" name="test_duplicate_kgml_entry_ids_are_rejected" time="0.001"><skipped type="pytest.xfail" message="PV-BUG-020: duplicate KGML entry IDs silently overwrite earlier entries" /></testcase><testcase classname="tests.test_parsers" name="test_kgml_line_graphics_coordinates_are_preserved" time="0.001"><skipped type="pytest.xfail" message="PV-BUG-021: line graphics coords are ignored and replaced with zero/default geometry" /></testcase><testcase classname="tests.test_parsers" name="test_empty_kgml_node_table_has_standard_schema" time="0.001"><skipped type="pytest.xfail" message="PV-BUG-022: node_info(empty pathway) has no stable columns/schema" /></testcase><testcase classname="tests.test_parsers" name="test_unnamespaced_sbgn_nodes_arcs_compartment_and_dataframe" time="0.001" /><testcase classname="tests.test_parsers" name="test_standard_namespaced_sbgn_is_parsed" time="0.001"><skipped type="pytest.xfail" message="PV-BUG-023: parser locates a namespaced map but searches its glyphs/arcs without namespace" /></testcase><testcase classname="tests.test_parsers" name="test_sbgn_namespace_version_is_discovered_from_document" time="0.001"><skipped type="pytest.xfail" message="PV-BUG-024: SBGN namespace is hard-coded to 0.2 and does not accept other valid versions" /></testcase><testcase classname="tests.test_parsers" name="test_state_variable_is_metadata_not_a_top_level_node" time="0.001"><skipped type="pytest.xfail" message="PV-BUG-025: nested state-variable glyph is also promoted to a top-level biological node" /></testcase><testcase classname="tests.test_parsers" name="test_standard_sbgn_clone_marker_is_detected" time="0.001"><skipped type="pytest.xfail" message="PV-BUG-026: standard &lt;clone/&gt; element is not detected; code checks an attribute instead" /></testcase><testcase classname="tests.test_parsers" name="test_sbgn_unit_of_information_is_parsed" time="0.001"><skipped type="pytest.xfail" message="PV-FEATURE-002: SBGNGlyph exposes unit_of_information but parser never populates it" /></testcase><testcase classname="tests.test_parsers" name="test_sbgn_arc_control_points_are_preserved" time="0.001"><skipped type="pytest.xfail" message="PV-BUG-027: Bezier control &lt;point&gt; children inside SBGN &lt;next&gt; are discarded" /></testcase><testcase classname="tests.test_parsers" name="test_empty_sbgn_dataframe_has_unified_schema" time="0.001"><skipped type="pytest.xfail" message="PV-BUG-028: empty SBGN conversion returns a schema-less DataFrame" /></testcase><testcase classname="tests.test_public_core" name="test_every_declared_public_export_exists[pathview]" time="0.000" /><testcase classname="tests.test_public_core" name="test_every_declared_public_export_exists[sim_mol_data]" time="0.000" /><testcase classname="tests.test_public_core" name="test_every_declared_public_export_exists[mol_sum]" time="0.000" /><testcase classname="tests.test_public_core" name="test_every_declared_public_export_exists[id2eg]" time="0.000" /><testcase classname="tests.test_public_core" name="test_every_declared_public_export_exists[eg2id]" time="0.000" /><testcase classname="tests.test_public_core" name="test_every_declared_public_export_exists[cpd_id_map]" time="0.000" /><testcase classname="tests.test_public_core" name="test_every_declared_public_export_exists[kegg_species_code]" time="0.000" /><testcase classname="tests.test_public_core" name="test_every_declared_public_export_exists[download_kegg]" time="0.000" /><testcase classname="tests.test_public_core" name="test_every_declared_public_export_exists[SpeciesInfo]" time="0.000" /><testcase classname="tests.test_public_core" name="test_every_declared_public_export_exists[download_reactome]" time="0.001" /><testcase classname="tests.test_public_core" name="test_every_declared_public_export_exists[download_metacyc]" time="0.001" /><testcase classname="tests.test_public_core" name="test_every_declared_public_export_exists[download_panther]" time="0.000" /><testcase classname="tests.test_public_core" name="test_every_declared_public_export_exists[download_smpdb]" time="0.000" /><testcase classname="tests.test_public_core" name="test_every_declared_public_export_exists[list_reactome_pathways]" time="0.000" /><testcase classname="tests.test_public_core" name="test_every_declared_public_export_exists[detect_database]" time="0.000" /><testcase classname="tests.test_public_core" name="test_every_declared_public_export_exists[DATABASE_INFO]" time="0.000" /><testcase classname="tests.test_public_core" name="test_every_declared_public_export_exists[parse_kgml]" time="0.000" /><testcase classname="tests.test_public_core" name="test_every_declared_public_export_exists[node_info]" time="0.000" /><testcase classname="tests.test_public_core" name="test_every_declared_public_export_exists[KGMLPathway]" time="0.000" /><testcase classname="tests.test_public_core" name="test_every_declared_public_export_exists[KGMLNode]" time="0.000" /><testcase classname="tests.test_public_core" name="test_every_declared_public_export_exists[KGMLEdge]" time="0.000" /><testcase classname="tests.test_public_core" name="test_every_declared_public_export_exists[KGMLReaction]" time="0.000" /><testcase classname="tests.test_public_core" name="test_every_declared_public_export_exists[parse_sbgn]" time="0.000" /><testcase classname="tests.test_public_core" name="test_every_declared_public_export_exists[sbgn_to_df]" time="0.000" /><testcase classname="tests.test_public_core" name="test_every_declared_public_export_exists[SBGNPathway]" time="0.000" /><testcase classname="tests.test_public_core" name="test_every_declared_public_export_exists[SBGNGlyph]" time="0.000" /><testcase classname="tests.test_public_core" name="test_every_declared_public_export_exists[SBGNArc]" time="0.000" /><testcase classname="tests.test_public_core" name="test_every_declared_public_export_exists[SBGN_GLYPH_CLASSES]" time="0.000" /><testcase classname="tests.test_public_core" name="test_every_declared_public_export_exists[SBGN_ARC_CLASSES]" time="0.000" /><testcase classname="tests.test_public_core" name="test_every_declared_public_export_exists[node_map]" time="0.000" /><testcase classname="tests.test_public_core" name="test_every_declared_public_export_exists[node_color]" time="0.000" /><testcase classname="tests.test_public_core" name="test_every_declared_public_export_exists[make_colormap]" time="0.000" /><testcase classname="tests.test_public_core" name="test_every_declared_public_export_exists[draw_color_key]" time="0.000" /><testcase classname="tests.test_public_core" name="test_every_declared_public_export_exists[keggview_native]" time="0.000" /><testcase classname="tests.test_public_core" name="test_every_declared_public_export_exists[keggview_graph]" time="0.000" /><testcase classname="tests.test_public_core" name="test_every_declared_public_export_exists[keggview_svg]" time="0.000" /><testcase classname="tests.test_public_core" name="test_every_declared_public_export_exists[kegg_legend]" time="0.000" /><testcase classname="tests.test_public_core" name="test_every_declared_public_export_exists[render_node_svg]" time="0.001" /><testcase classname="tests.test_public_core" name="test_every_declared_public_export_exists[render_edge_svg]" time="0.001" /><testcase classname="tests.test_public_core" name="test_every_declared_public_export_exists[PathwayResult]" time="0.000" /><testcase classname="tests.test_public_core" name="test_every_declared_public_export_exists[highlight_nodes]" time="0.000" /><testcase classname="tests.test_public_core" name="test_every_declared_public_export_exists[highlight_edges]" time="0.000" /><testcase classname="tests.test_public_core" name="test_every_declared_public_export_exists[highlight_path]" time="0.000" /><testcase classname="tests.test_public_core" name="test_every_declared_public_export_exists[change_labels]" time="0.000" /><testcase classname="tests.test_public_core" name="test_every_declared_public_export_exists[cubic_bezier]" time="0.000" /><testcase classname="tests.test_public_core" name="test_every_declared_public_export_exists[quadratic_bezier]" time="0.000" /><testcase classname="tests.test_public_core" name="test_every_declared_public_export_exists[catmull_rom_spline]" time="0.000" /><testcase classname="tests.test_public_core" name="test_every_declared_public_export_exists[route_edge_spline]" time="0.000" /><testcase classname="tests.test_public_core" name="test_every_declared_public_export_exists[bezier_to_svg_path]" time="0.000" /><testcase classname="tests.test_public_core" name="test_every_declared_public_export_exists[smooth_path_svg]" time="0.000" /><testcase classname="tests.test_public_core" name="test_every_declared_public_export_exists[wordwrap]" time="0.000" /><testcase classname="tests.test_public_core" name="test_every_declared_public_export_exists[max_abs]" time="0.000" /><testcase classname="tests.test_public_core" name="test_every_declared_public_export_exists[random_pick]" time="0.000" /><testcase classname="tests.test_public_core" name="test_all_source_modules_compile" time="0.018" /><testcase classname="tests.test_public_core" name="test_distribution_is_importable" time="0.001" /><testcase classname="tests.test_public_core" name="test_distribution_and_runtime_versions_match" time="0.001"><skipped type="pytest.xfail" message="PV-BUG-001: setup.py/distribution is 2.0.2 but pathview.__version__ is 2.0.0" /></testcase><testcase classname="tests.test_public_core" name="test_core_requires_at_least_one_data_table" time="0.001" /><testcase classname="tests.test_public_core" name="test_cached_core_png_runs_without_download" time="0.021" /><testcase classname="tests.test_public_core" name="test_documented_output_dispatch[True-png-native]" time="0.004" /><testcase classname="tests.test_public_core" name="test_documented_output_dispatch[True-pdf-graph]" time="0.003" /><testcase classname="tests.test_public_core" name="test_documented_output_dispatch[True-svg-svg]" time="0.003" /><testcase classname="tests.test_public_core" name="test_documented_output_dispatch[False-pdf-graph]" time="0.004" /><testcase classname="tests.test_public_core" name="test_documented_output_dispatch[False-svg-svg]" time="0.003" /><testcase classname="tests.test_public_core" name="test_non_native_png_request_produces_png" time="0.114"><skipped type="pytest.xfail" message="PV-BUG-002: --no-kegg-native with output_format='png' silently writes graph PDF" /></testcase><testcase classname="tests.test_public_core" name="test_python_api_rejects_unknown_output_format[jpg]" time="0.004"><skipped type="pytest.xfail" message="PV-BUG-003: Python API does not validate output_format; unknown values become PDF" /></testcase><testcase classname="tests.test_public_core" name="test_python_api_rejects_unknown_output_format[PNG]" time="0.004"><skipped type="pytest.xfail" message="PV-BUG-003: Python API does not validate output_format; unknown values become PDF" /></testcase><testcase classname="tests.test_public_core" name="test_python_api_rejects_unknown_output_format[]" time="0.003"><skipped type="pytest.xfail" message="PV-BUG-003: Python API does not validate output_format; unknown values become PDF" /></testcase><testcase classname="tests.test_public_core" name="test_python_api_rejects_unknown_output_format[banana]" time="0.003"><skipped type="pytest.xfail" message="PV-BUG-003: Python API does not validate output_format; unknown values become PDF" /></testcase><testcase classname="tests.test_public_core" name="test_fully_cached_human_pathway_does_not_require_network" time="0.001"><skipped type="pytest.xfail" message="PV-BUG-004: cached files cannot bypass live species lookup" /></testcase><testcase classname="tests.test_public_core" name="test_partial_color_dictionary_keeps_unspecified_defaults" time="0.003"><skipped type="pytest.xfail" message="PV-BUG-005: a partial color config replaces defaults instead of merging per molecule type" /></testcase><testcase classname="tests.test_public_core" name="test_map_null_false_removes_unmapped_pathway_nodes" time="0.008"><skipped type="pytest.xfail" message="PV-BUG-006: map_null=False does not remove unmapped rows when a data table exists" /></testcase><testcase classname="tests.test_public_core" name="test_min_nnodes_is_based_on_input_matches" time="0.007"><skipped type="pytest.xfail" message="PV-BUG-007: min_nnodes counts pathway layout nodes, not nodes matched by input data" /></testcase><testcase classname="tests.test_public_core" name="test_core_result_supports_documented_highlighting_interface" time="0.008"><skipped type="pytest.xfail" message="PV-BUG-008: core returns dict while documented highlighting requires PathwayResult" /></testcase><testcase classname="tests.test_public_core" name="test_core_gene_table_contains_highlighting_identifier_column" time="0.008"><skipped type="pytest.xfail" message="PV-BUG-009: mapped core gene table omits kegg_names required by highlighting" /></testcase><testcase classname="tests.test_public_core" name="test_map_symbol_updates_the_label_used_by_renderers" time="0.001"><skipped type="pytest.xfail" message="PV-BUG-075: _add_symbol_labels joins a SYMBOL column but never replaces the rendered label" /></testcase><testcase classname="tests.test_public_core" name="test_invalid_node_sum_is_rejected_by_python_api" time="0.003"><skipped type="pytest.xfail" message="PV-BUG-076: invalid node_sum ValueError is swallowed by node_map and core still returns output" /></testcase><testcase classname="tests.test_public_core" name="test_conflicting_pathway_prefix_is_rejected" time="0.001"><skipped type="pytest.xfail" message="PV-BUG-010: pathway prefixes that conflict with species are concatenated, not rejected" /></testcase><testcase classname="tests.test_public_core" name="test_empty_cached_pathway_is_skipped_cleanly" time="0.001"><skipped type="pytest.xfail" message="PV-BUG-011: empty KGML produces a schema-less frame and core crashes before graceful skip" /></testcase><testcase classname="tests.test_public_core" name="test_frozen_official_pathway_png_for_one_two_three_states[1]" time="0.091" /><testcase classname="tests.test_public_core" name="test_frozen_official_pathway_png_for_one_two_three_states[2]" time="0.083" /><testcase classname="tests.test_public_core" name="test_frozen_official_pathway_png_for_one_two_three_states[3]" time="0.083" /><testcase classname="tests.test_public_core" name="test_frozen_official_pathway_vector_outputs[svg-svg-&lt;?xml]" time="0.034" /><testcase classname="tests.test_public_core" name="test_frozen_official_pathway_vector_outputs[pdf-pdf-%PDF]" time="0.238" /><testcase classname="tests.test_public_core" name="test_svg_core_needs_only_cached_xml" time="0.001"><skipped type="pytest.xfail" message="PV-BUG-067: SVG output unnecessarily requires/downloads a KEGG PNG when kegg_native=True" /></testcase><testcase classname="tests.test_rendering" name="test_gene_node_one_two_three_state_slices[colors0-sample_x0-expected0]" time="0.001" /><testcase classname="tests.test_rendering" name="test_gene_node_one_two_three_state_slices[colors1-sample_x1-expected1]" time="0.001" /><testcase classname="tests.test_rendering" name="test_gene_node_one_two_three_state_slices[colors2-sample_x2-expected2]" time="0.001" /><testcase classname="tests.test_rendering" name="test_gene_paint_preserves_existing_black_text_and_border_pixels" time="0.001" /><testcase classname="tests.test_rendering" name="test_transparent_gene_slice_leaves_background_unchanged" time="0.001" /><testcase classname="tests.test_rendering" name="test_compound_two_state_left_right_split_at_center" time="0.001" /><testcase classname="tests.test_rendering" name="test_gene_and_compound_use_same_coordinate_system" time="0.001"><skipped type="pytest.xfail" message="PV-BUG-029: compound y coordinates are flipped while gene y coordinates are effectively not" /></testcase><testcase classname="tests.test_rendering" name="test_compound_width_is_the_full_display_diameter" time="0.001"><skipped type="pytest.xfail" message="PV-BUG-030: compound KGML width is treated as radius instead of diameter" /></testcase><testcase classname="tests.test_rendering" name="test_compound_renderer_respects_elliptical_height" time="0.001"><skipped type="pytest.xfail" message="PV-BUG-031: compound height is ignored and all compounds are forced to width-based circles" /></testcase><testcase classname="tests.test_rendering" name="test_native_hex_color_conversion[#FF0000-expected0]" time="0.001" /><testcase classname="tests.test_rendering" name="test_native_hex_color_conversion[transparent-None]" time="0.001" /><testcase classname="tests.test_rendering" name="test_native_hex_color_conversion[none-None]" time="0.001" /><testcase classname="tests.test_rendering" name="test_native_color_converter_accepts_named_matplotlib_colors" time="0.001"><skipped type="pytest.xfail" message="PV-BUG-032: native/highlight renderers advertise named colors but parse only six-digit hex" /></testcase><testcase classname="tests.test_rendering" name="test_native_color_converter_accepts_short_hex" time="0.001"><skipped type="pytest.xfail" message="PV-BUG-033: three-digit CSS hex colors are not accepted" /></testcase><testcase classname="tests.test_rendering" name="test_native_renderer_requires_background_png" time="0.001" /><testcase classname="tests.test_rendering" name="test_native_output_preserves_background_dimensions" time="0.005"><skipped type="pytest.xfail" message="PV-BUG-034: bbox_inches='tight' crops/rescales native output instead of preserving KEGG pixels" /></testcase><testcase classname="tests.test_rendering" name="test_native_render_is_repeatable_for_identical_inputs" time="0.010" /><testcase classname="tests.test_rendering" name="test_svg_rectangle_has_equal_ordered_state_slices[1]" time="0.001" /><testcase classname="tests.test_rendering" name="test_svg_rectangle_has_equal_ordered_state_slices[2]" time="0.001" /><testcase classname="tests.test_rendering" name="test_svg_rectangle_has_equal_ordered_state_slices[3]" time="0.001" /><testcase classname="tests.test_rendering" name="test_svg_ellipse_uses_clip_slices_and_valid_xml" time="0.001" /><testcase classname="tests.test_rendering" name="test_svg_renders_kgml_circle_as_circle" time="0.001"><skipped type="pytest.xfail" message="PV-BUG-068: KGML shape='circle' is sent to SVG but only shape='ellipse' renders an ellipse" /></testcase><testcase classname="tests.test_rendering" name="test_svg_labels_escape_xml_characters" time="0.001" /><testcase classname="tests.test_rendering" name="test_svg_edge_snippet_is_valid_and_has_marker" time="0.000" /><testcase classname="tests.test_rendering" name="test_complete_svg_output_is_valid_xml" time="0.002" /><testcase classname="tests.test_rendering" name="test_svg_preserves_transparent_unmapped_nodes" time="0.001"><skipped type="pytest.xfail" message="PV-BUG-069: all-transparent SVG nodes are forcibly recolored gray" /></testcase><testcase classname="tests.test_rendering" name="test_svg_pathway_title_with_special_characters_is_valid" time="0.001"><skipped type="pytest.xfail" message="PV-BUG-035: SVG document title is not XML-escaped" /></testcase><testcase classname="tests.test_rendering" name="test_svg_ellipse_accepts_special_node_identifiers" time="0.001"><skipped type="pytest.xfail" message="PV-BUG-036: SVG clip IDs interpolate unescaped node identifiers" /></testcase><testcase classname="tests.test_rendering" name="test_svg_node_with_no_fill_values_still_has_a_visible_shape" time="0.001"><skipped type="pytest.xfail" message="PV-BUG-037: empty SVG fill list renders text but no node shape" /></testcase><testcase classname="tests.test_rendering" name="test_main_svg_renderer_includes_pathway_edges" time="0.002"><skipped type="pytest.xfail" message="PV-FEATURE-003: main SVG renderer receives no relation data and emits no pathway edges" /></testcase><testcase classname="tests.test_rendering" name="test_graph_renderer_contains_relations" time="0.017"><skipped type="pytest.xfail" message="PV-FEATURE-004: graph renderer builds nodes only; KGML relations are not passed into it" /></testcase><testcase classname="tests.test_rendering" name="test_graph_renderer_preserves_two_state_node_colors" time="0.016"><skipped type="pytest.xfail" message="PV-BUG-038: graph/PDF renderer uses only the first experiment color" /></testcase><testcase classname="tests.test_rendering" name="test_graph_renderer_writes_valid_pdf" time="0.014" /><testcase classname="tests.test_rendering" name="test_compound_only_color_key_has_no_blank_subplot" time="0.014"><skipped type="pytest.xfail" message="PV-BUG-070: compound-only native color-key layout leaves a blank visible ticked subplot" /></testcase><testcase classname="tests.test_rendering" name="test_compound_only_graph_uses_compound_color_scale" time="0.014"><skipped type="pytest.xfail" message="PV-BUG-071: graph color key always uses gene limits/colors, even for compound-only plots" /></testcase></testsuite></testsuites>